Copyright 1986-2022 Xilinx, Inc. All Rights Reserved. Copyright 2022-2024 Advanced Micro Devices, Inc. All Rights Reserved.
--------------------------------------------------------------------------------------------------------------------------------------------------------------------------------------------------------------
| Tool Version      : Vivado v.2024.2 (win64) Build 5239630 Fri Nov 08 22:35:27 MST 2024
| Date              : Sat May 17 13:20:13 2025
| Host              : DESKTOP-AHD707A running 64-bit major release  (build 9200)
| Command           : report_timing_summary -max_paths 10 -report_unconstrained -file sv32_timing_summary_routed.rpt -pb sv32_timing_summary_routed.pb -rpx sv32_timing_summary_routed.rpx -warn_on_violation
| Design            : sv32
| Device            : xcu250-figd2104
| Speed File        : -2L  PRODUCTION 1.28 03-30-2022
| Design State      : Routed
| Temperature Grade : E
--------------------------------------------------------------------------------------------------------------------------------------------------------------------------------------------------------------

Timing Summary Report

------------------------------------------------------------------------------------------------
| Timer Settings
| --------------
------------------------------------------------------------------------------------------------

  Enable Multi Corner Analysis               :  Yes
  Enable Pessimism Removal                   :  Yes
  Pessimism Removal Resolution               :  Nearest Common Node
  Enable Input Delay Default Clock           :  No
  Enable Preset / Clear Arcs                 :  No
  Disable Flight Delays                      :  No
  Ignore I/O Paths                           :  No
  Timing Early Launch at Borrowing Latches   :  No
  Borrow Time for Max Delay Exceptions       :  Yes
  Merge Timing Exceptions                    :  Yes
  Inter-SLR Compensation                     :  Conservative

  Corner  Analyze    Analyze    
  Name    Max Paths  Min Paths  
  ------  ---------  ---------  
  Slow    Yes        Yes        
  Fast    Yes        Yes        


------------------------------------------------------------------------------------------------
| Report Methodology
| ------------------
------------------------------------------------------------------------------------------------

Rule       Severity          Description                  Violations  
---------  ----------------  ---------------------------  ----------  
TIMING-17  Critical Warning  Non-clocked sequential cell  373         

Note: This report is based on the most recent report_methodology run and may not be up-to-date. Run report_methodology on the current design for the latest report.



check_timing report

Table of Contents
-----------------
1. checking no_clock (373)
2. checking constant_clock (0)
3. checking pulse_width_clock (0)
4. checking unconstrained_internal_endpoints (1372)
5. checking no_input_delay (96)
6. checking no_output_delay (138)
7. checking multiple_clock (0)
8. checking generated_clocks (0)
9. checking loops (0)
10. checking partial_input_delay (0)
11. checking partial_output_delay (0)
12. checking latch_loops (0)

1. checking no_clock (373)
--------------------------
 There are 373 register/latch pins with no clock driven by root clock pin: clk (HIGH)


2. checking constant_clock (0)
------------------------------
 There are 0 register/latch pins with constant_clock.


3. checking pulse_width_clock (0)
---------------------------------
 There are 0 register/latch pins which need pulse_width check


4. checking unconstrained_internal_endpoints (1372)
---------------------------------------------------
 There are 1372 pins that are not constrained for maximum delay. (HIGH)

 There are 0 pins that are not constrained for maximum delay due to constant clock.


5. checking no_input_delay (96)
-------------------------------
 There are 96 input ports with no input delay specified. (HIGH)

 There are 0 input ports with no input delay but user has a false path constraint.


6. checking no_output_delay (138)
---------------------------------
 There are 138 ports with no output delay specified. (HIGH)

 There are 0 ports with no output delay but user has a false path constraint

 There are 0 ports with no output delay but with a timing clock defined on it or propagating through it


7. checking multiple_clock (0)
------------------------------
 There are 0 register/latch pins with multiple clocks.


8. checking generated_clocks (0)
--------------------------------
 There are 0 generated clocks that are not connected to a clock source.


9. checking loops (0)
---------------------
 There are 0 combinational loops in the design.


10. checking partial_input_delay (0)
------------------------------------
 There are 0 input ports with partial input delay specified.


11. checking partial_output_delay (0)
-------------------------------------
 There are 0 ports with partial output delay specified.


12. checking latch_loops (0)
----------------------------
 There are 0 combinational latch loops in the design through latch input



------------------------------------------------------------------------------------------------
| Design Timing Summary
| ---------------------
------------------------------------------------------------------------------------------------

    WNS(ns)      TNS(ns)  TNS Failing Endpoints  TNS Total Endpoints      WHS(ns)      THS(ns)  THS Failing Endpoints  THS Total Endpoints     WPWS(ns)     TPWS(ns)  TPWS Failing Endpoints  TPWS Total Endpoints  
    -------      -------  ---------------------  -------------------      -------      -------  ---------------------  -------------------     --------     --------  ----------------------  --------------------  
        inf        0.000                      0                 1510          inf        0.000                      0                 1510           NA           NA                      NA                    NA  


There are no user specified timing constraints.


------------------------------------------------------------------------------------------------
| Clock Summary
| -------------
------------------------------------------------------------------------------------------------


------------------------------------------------------------------------------------------------
| Intra Clock Table
| -----------------
------------------------------------------------------------------------------------------------

Clock             WNS(ns)      TNS(ns)  TNS Failing Endpoints  TNS Total Endpoints      WHS(ns)      THS(ns)  THS Failing Endpoints  THS Total Endpoints     WPWS(ns)     TPWS(ns)  TPWS Failing Endpoints  TPWS Total Endpoints  
-----             -------      -------  ---------------------  -------------------      -------      -------  ---------------------  -------------------     --------     --------  ----------------------  --------------------  


------------------------------------------------------------------------------------------------
| Inter Clock Table
| -----------------
------------------------------------------------------------------------------------------------

From Clock    To Clock          WNS(ns)      TNS(ns)  TNS Failing Endpoints  TNS Total Endpoints      WHS(ns)      THS(ns)  THS Failing Endpoints  THS Total Endpoints  
----------    --------          -------      -------  ---------------------  -------------------      -------      -------  ---------------------  -------------------  


------------------------------------------------------------------------------------------------
| Other Path Groups Table
| -----------------------
------------------------------------------------------------------------------------------------

Path Group    From Clock    To Clock          WNS(ns)      TNS(ns)  TNS Failing Endpoints  TNS Total Endpoints      WHS(ns)      THS(ns)  THS Failing Endpoints  THS Total Endpoints  
----------    ----------    --------          -------      -------  ---------------------  -------------------      -------      -------  ---------------------  -------------------  


------------------------------------------------------------------------------------------------
| User Ignored Path Table
| -----------------------
------------------------------------------------------------------------------------------------

Path Group    From Clock    To Clock    
----------    ----------    --------    


------------------------------------------------------------------------------------------------
| Unconstrained Path Table
| ------------------------
------------------------------------------------------------------------------------------------

Path Group    From Clock    To Clock    
----------    ----------    --------    
(none)                                    


------------------------------------------------------------------------------------------------
| Timing Details
| --------------
------------------------------------------------------------------------------------------------


--------------------------------------------------------------------------------------
Path Group:  (none)
From Clock:  
  To Clock:  

Max Delay          1510 Endpoints
Min Delay          1510 Endpoints
--------------------------------------------------------------------------------------


Max Delay Paths
--------------------------------------------------------------------------------------
Slack:                    inf
  Source:                 cpu_addr[15]
                            (input port)
  Destination:            mem_addr[5]
                            (output port)
  Path Group:             (none)
  Path Type:              Max at Slow Process Corner
  Data Path Delay:        9.806ns  (logic 1.784ns (18.195%)  route 8.022ns (81.805%))
  Logic Levels:           5  (IBUFCTRL=1 INBUF=1 LUT5=1 LUT6=1 OBUF=1)

    Location             Delay type                Incr(ns)  Path(ns)    Netlist Resource(s)
  -------------------------------------------------------------------    -------------------
    AV26                                              0.000     0.000 r  cpu_addr[15] (IN)
                         net (fo=0)                   0.000     0.000    cpu_addr_IBUF[15]_inst/I
    AV26                 INBUF (Prop_INBUF_HPIOB_S_PAD_O)
                                                      0.591     0.591 r  cpu_addr_IBUF[15]_inst/INBUF_INST/O
                         net (fo=1, routed)           0.000     0.591    cpu_addr_IBUF[15]_inst/OUT
    AV26                 IBUFCTRL (Prop_IBUFCTRL_HPIOB_S_I_O)
                                                      0.000     0.591 r  cpu_addr_IBUF[15]_inst/IBUFCTRL_INST/O
                         net (fo=118, routed)         3.453     4.044    sv32_table_walk_I/cpu_addr_IBUF[13]
    SLICE_X116Y420       LUT6 (Prop_G6LUT_SLICEL_I0_O)
                                                      0.149     4.193 r  sv32_table_walk_I/mem_addr_OBUF[5]_inst_i_2/O
                         net (fo=1, routed)           0.046     4.239    sv32_translate_instruction/mem_addr[5]
    SLICE_X116Y420       LUT5 (Prop_E6LUT_SLICEL_I4_O)
                                                      0.099     4.338 r  sv32_translate_instruction/mem_addr_OBUF[5]_inst_i_1/O
                         net (fo=1, routed)           4.523     8.861    mem_addr_OBUF[5]
    SLR Crossing[1->2]   
    A28                  OBUF (Prop_OUTBUF_HPIOB_S_I_O)
                                                      0.945     9.806 r  mem_addr_OBUF[5]_inst/O
                         net (fo=0)                   0.000     9.806    mem_addr[5]
    A28                                                               r  mem_addr[5] (OUT)
  -------------------------------------------------------------------    -------------------

Slack:                    inf
  Source:                 cpu_addr[28]
                            (input port)
  Destination:            mem_addr[8]
                            (output port)
  Path Group:             (none)
  Path Type:              Max at Slow Process Corner
  Data Path Delay:        9.577ns  (logic 1.766ns (18.441%)  route 7.811ns (81.559%))
  Logic Levels:           5  (IBUFCTRL=1 INBUF=1 LUT5=1 LUT6=1 OBUF=1)

    Location             Delay type                Incr(ns)  Path(ns)    Netlist Resource(s)
  -------------------------------------------------------------------    -------------------
    AY22                                              0.000     0.000 r  cpu_addr[28] (IN)
                         net (fo=0)                   0.000     0.000    cpu_addr_IBUF[28]_inst/I
    AY22                 INBUF (Prop_INBUF_HPIOB_M_PAD_O)
                                                      0.590     0.590 r  cpu_addr_IBUF[28]_inst/INBUF_INST/O
                         net (fo=1, routed)           0.000     0.590    cpu_addr_IBUF[28]_inst/OUT
    AY22                 IBUFCTRL (Prop_IBUFCTRL_HPIOB_M_I_O)
                                                      0.000     0.590 r  cpu_addr_IBUF[28]_inst/IBUFCTRL_INST/O
                         net (fo=10, routed)          3.230     3.819    sv32_table_walk_I/cpu_addr_IBUF[26]
    SLICE_X115Y422       LUT6 (Prop_H6LUT_SLICEM_I2_O)
                                                      0.101     3.920 r  sv32_table_walk_I/mem_addr_OBUF[8]_inst_i_2/O
                         net (fo=1, routed)           0.048     3.968    sv32_translate_instruction/mem_addr[8]
    SLICE_X115Y422       LUT5 (Prop_C6LUT_SLICEM_I4_O)
                                                      0.123     4.091 r  sv32_translate_instruction/mem_addr_OBUF[8]_inst_i_1/O
                         net (fo=1, routed)           4.533     8.624    mem_addr_OBUF[8]
    SLR Crossing[1->2]   
    A29                  OBUF (Prop_OUTBUF_HPIOB_M_I_O)
                                                      0.952     9.577 r  mem_addr_OBUF[8]_inst/O
                         net (fo=0)                   0.000     9.577    mem_addr[8]
    A29                                                               r  mem_addr[8] (OUT)
  -------------------------------------------------------------------    -------------------

Slack:                    inf
  Source:                 satp[31]
                            (input port)
  Destination:            mem_addr[24]
                            (output port)
  Path Group:             (none)
  Path Type:              Max at Slow Process Corner
  Data Path Delay:        9.259ns  (logic 1.755ns (18.954%)  route 7.504ns (81.046%))
  Logic Levels:           5  (IBUFCTRL=1 INBUF=1 LUT4=1 LUT6=1 OBUF=1)

    Location             Delay type                Incr(ns)  Path(ns)    Netlist Resource(s)
  -------------------------------------------------------------------    -------------------
    BB12                                              0.000     0.000 f  satp[31] (IN)
                         net (fo=0)                   0.000     0.000    satp_IBUF[31]_inst/I
    BB12                 INBUF (Prop_INBUF_HPIOB_S_PAD_O)
                                                      0.655     0.655 f  satp_IBUF[31]_inst/INBUF_INST/O
                         net (fo=1, routed)           0.000     0.655    satp_IBUF[31]_inst/OUT
    BB12                 IBUFCTRL (Prop_IBUFCTRL_HPIOB_S_I_O)
                                                      0.000     0.655 f  satp_IBUF[31]_inst/IBUFCTRL_INST/O
                         net (fo=73, routed)          1.294     1.949    sv32_translate_instruction/satp_IBUF[0]
    SLICE_X119Y422       LUT4 (Prop_E6LUT_SLICEL_I1_O)
                                                      0.147     2.096 f  sv32_translate_instruction/mem_addr_OBUF[31]_inst_i_4/O
                         net (fo=32, routed)          1.567     3.663    sv32_translate_instruction/FSM_sequential_state_reg[1]
    SLICE_X117Y421       LUT6 (Prop_B6LUT_SLICEL_I3_O)
                                                      0.036     3.699 r  sv32_translate_instruction/mem_addr_OBUF[24]_inst_i_1/O
                         net (fo=1, routed)           4.643     8.342    mem_addr_OBUF[24]
    SLR Crossing[1->2]   
    H29                  OBUF (Prop_OUTBUF_HPIOB_M_I_O)
                                                      0.917     9.259 r  mem_addr_OBUF[24]_inst/O
                         net (fo=0)                   0.000     9.259    mem_addr[24]
    H29                                                               r  mem_addr[24] (OUT)
  -------------------------------------------------------------------    -------------------

Slack:                    inf
  Source:                 cpu_addr[13]
                            (input port)
  Destination:            mem_valid
                            (output port)
  Path Group:             (none)
  Path Type:              Max at Slow Process Corner
  Data Path Delay:        9.248ns  (logic 2.127ns (22.997%)  route 7.121ns (77.003%))
  Logic Levels:           8  (CARRY8=1 IBUFCTRL=1 INBUF=1 LUT6=3 OBUF=1 RAMS64E=1)

    Location             Delay type                Incr(ns)  Path(ns)    Netlist Resource(s)
  -------------------------------------------------------------------    -------------------
    AU24                                              0.000     0.000 r  cpu_addr[13] (IN)
                         net (fo=0)                   0.000     0.000    cpu_addr_IBUF[13]_inst/I
    AU24                 INBUF (Prop_INBUF_HPIOB_S_PAD_O)
                                                      0.583     0.583 r  cpu_addr_IBUF[13]_inst/INBUF_INST/O
                         net (fo=1, routed)           0.000     0.583    cpu_addr_IBUF[13]_inst/OUT
    AU24                 IBUFCTRL (Prop_IBUFCTRL_HPIOB_S_I_O)
                                                      0.000     0.583 r  cpu_addr_IBUF[13]_inst/IBUFCTRL_INST/O
                         net (fo=260, routed)         3.774     4.356    sv32_table_walk_I/itlb_I/tags_reg_0_63_10_10/A1
    SLICE_X118Y416       RAMS64E (Prop_G6LUT_SLICEM_ADR1_O)
                                                      0.123     4.479 r  sv32_table_walk_I/itlb_I/tags_reg_0_63_10_10/SP/O
                         net (fo=1, routed)           1.193     5.672    sv32_table_walk_I/itlb_I/hit_o2[10]
    SLICE_X116Y416       LUT6 (Prop_D6LUT_SLICEL_I3_O)
                                                      0.050     5.722 r  sv32_table_walk_I/itlb_I/i__carry_i_4/O
                         net (fo=1, routed)           0.009     5.731    sv32_table_walk_I/itlb_I/i__carry_i_4_n_0
    SLICE_X116Y416       CARRY8 (Prop_CARRY8_SLICEL_S[3]_CO[6])
                                                      0.158     5.889 f  sv32_table_walk_I/itlb_I/hit_o1_inferred__0/i__carry/CO[6]
                         net (fo=23, routed)          0.839     6.728    sv32_table_walk_I/dtlb_I/mem_valid_OBUF_inst_i_1_1[0]
    SLICE_X117Y420       LUT6 (Prop_H6LUT_SLICEL_I5_O)
                                                      0.051     6.779 r  sv32_table_walk_I/dtlb_I/mem_valid_OBUF_inst_i_2/O
                         net (fo=1, routed)           0.218     6.997    sv32_table_walk_I/dtlb_I/mem_valid_OBUF_inst_i_2_n_0
    SLICE_X118Y424       LUT6 (Prop_D6LUT_SLICEM_I2_O)
                                                      0.099     7.096 r  sv32_table_walk_I/dtlb_I/mem_valid_OBUF_inst_i_1/O
                         net (fo=1, routed)           1.089     8.185    mem_valid_OBUF
    BF7                  OBUF (Prop_OUTBUF_HPIOB_S_I_O)
                                                      1.063     9.248 r  mem_valid_OBUF_inst/O
                         net (fo=0)                   0.000     9.248    mem_valid
    BF7                                                               r  mem_valid (OUT)
  -------------------------------------------------------------------    -------------------

Slack:                    inf
  Source:                 satp[31]
                            (input port)
  Destination:            mem_addr[2]
                            (output port)
  Path Group:             (none)
  Path Type:              Max at Slow Process Corner
  Data Path Delay:        9.242ns  (logic 1.818ns (19.669%)  route 7.425ns (80.331%))
  Logic Levels:           6  (IBUFCTRL=1 INBUF=1 LUT4=1 LUT5=1 LUT6=1 OBUF=1)

    Location             Delay type                Incr(ns)  Path(ns)    Netlist Resource(s)
  -------------------------------------------------------------------    -------------------
    BB12                                              0.000     0.000 f  satp[31] (IN)
                         net (fo=0)                   0.000     0.000    satp_IBUF[31]_inst/I
    BB12                 INBUF (Prop_INBUF_HPIOB_S_PAD_O)
                                                      0.655     0.655 f  satp_IBUF[31]_inst/INBUF_INST/O
                         net (fo=1, routed)           0.000     0.655    satp_IBUF[31]_inst/OUT
    BB12                 IBUFCTRL (Prop_IBUFCTRL_HPIOB_S_I_O)
                                                      0.000     0.655 f  satp_IBUF[31]_inst/IBUFCTRL_INST/O
                         net (fo=73, routed)          1.294     1.949    sv32_translate_instruction/satp_IBUF[0]
    SLICE_X119Y422       LUT4 (Prop_E6LUT_SLICEL_I1_O)
                                                      0.147     2.096 f  sv32_translate_instruction/mem_addr_OBUF[31]_inst_i_4/O
                         net (fo=32, routed)          1.316     3.412    sv32_table_walk_I/mem_addr_OBUF[11]_inst_i_1_0
    SLICE_X114Y423       LUT6 (Prop_H6LUT_SLICEM_I4_O)
                                                      0.039     3.451 r  sv32_table_walk_I/mem_addr_OBUF[2]_inst_i_2/O
                         net (fo=1, routed)           0.224     3.675    sv32_translate_instruction/mem_addr[2]
    SLICE_X114Y423       LUT5 (Prop_C6LUT_SLICEM_I4_O)
                                                      0.051     3.726 r  sv32_translate_instruction/mem_addr_OBUF[2]_inst_i_1/O
                         net (fo=1, routed)           4.591     8.317    mem_addr_OBUF[2]
    SLR Crossing[1->2]   
    D26                  OBUF (Prop_OUTBUF_HPIOB_M_I_O)
                                                      0.925     9.242 r  mem_addr_OBUF[2]_inst/O
                         net (fo=0)                   0.000     9.242    mem_addr[2]
    D26                                                               r  mem_addr[2] (OUT)
  -------------------------------------------------------------------    -------------------

Slack:                    inf
  Source:                 satp[31]
                            (input port)
  Destination:            mem_addr[17]
                            (output port)
  Path Group:             (none)
  Path Type:              Max at Slow Process Corner
  Data Path Delay:        9.205ns  (logic 1.886ns (20.488%)  route 7.319ns (79.512%))
  Logic Levels:           5  (IBUFCTRL=1 INBUF=1 LUT4=1 LUT6=1 OBUF=1)

    Location             Delay type                Incr(ns)  Path(ns)    Netlist Resource(s)
  -------------------------------------------------------------------    -------------------
    BB12                                              0.000     0.000 f  satp[31] (IN)
                         net (fo=0)                   0.000     0.000    satp_IBUF[31]_inst/I
    BB12                 INBUF (Prop_INBUF_HPIOB_S_PAD_O)
                                                      0.655     0.655 f  satp_IBUF[31]_inst/INBUF_INST/O
                         net (fo=1, routed)           0.000     0.655    satp_IBUF[31]_inst/OUT
    BB12                 IBUFCTRL (Prop_IBUFCTRL_HPIOB_S_I_O)
                                                      0.000     0.655 f  satp_IBUF[31]_inst/IBUFCTRL_INST/O
                         net (fo=73, routed)          1.294     1.949    sv32_translate_instruction/satp_IBUF[0]
    SLICE_X119Y422       LUT4 (Prop_E6LUT_SLICEL_I1_O)
                                                      0.147     2.096 f  sv32_translate_instruction/mem_addr_OBUF[31]_inst_i_4/O
                         net (fo=32, routed)          1.496     3.592    sv32_translate_instruction/FSM_sequential_state_reg[1]
    SLICE_X117Y424       LUT6 (Prop_F6LUT_SLICEL_I3_O)
                                                      0.148     3.740 r  sv32_translate_instruction/mem_addr_OBUF[17]_inst_i_1/O
                         net (fo=1, routed)           4.529     8.269    mem_addr_OBUF[17]
    SLR Crossing[1->2]   
    D30                  OBUF (Prop_OUTBUF_HPIOB_S_I_O)
                                                      0.935     9.205 r  mem_addr_OBUF[17]_inst/O
                         net (fo=0)                   0.000     9.205    mem_addr[17]
    D30                                                               r  mem_addr[17] (OUT)
  -------------------------------------------------------------------    -------------------

Slack:                    inf
  Source:                 cpu_addr[15]
                            (input port)
  Destination:            mem_addr[15]
                            (output port)
  Path Group:             (none)
  Path Type:              Max at Slow Process Corner
  Data Path Delay:        9.059ns  (logic 1.612ns (17.791%)  route 7.447ns (82.209%))
  Logic Levels:           4  (IBUFCTRL=1 INBUF=1 LUT6=1 OBUF=1)

    Location             Delay type                Incr(ns)  Path(ns)    Netlist Resource(s)
  -------------------------------------------------------------------    -------------------
    AV26                                              0.000     0.000 r  cpu_addr[15] (IN)
                         net (fo=0)                   0.000     0.000    cpu_addr_IBUF[15]_inst/I
    AV26                 INBUF (Prop_INBUF_HPIOB_S_PAD_O)
                                                      0.591     0.591 r  cpu_addr_IBUF[15]_inst/INBUF_INST/O
                         net (fo=1, routed)           0.000     0.591    cpu_addr_IBUF[15]_inst/OUT
    AV26                 IBUFCTRL (Prop_IBUFCTRL_HPIOB_S_I_O)
                                                      0.000     0.591 r  cpu_addr_IBUF[15]_inst/IBUFCTRL_INST/O
                         net (fo=118, routed)         3.301     3.893    sv32_translate_instruction/D[5]
    SLICE_X113Y424       LUT6 (Prop_H6LUT_SLICEL_I2_O)
                                                      0.099     3.992 r  sv32_translate_instruction/mem_addr_OBUF[15]_inst_i_1/O
                         net (fo=1, routed)           4.146     8.138    mem_addr_OBUF[15]
    SLR Crossing[1->2]   
    E27                  OBUF (Prop_OUTBUF_HPIOB_S_I_O)
                                                      0.921     9.059 r  mem_addr_OBUF[15]_inst/O
                         net (fo=0)                   0.000     9.059    mem_addr[15]
    E27                                                               r  mem_addr[15] (OUT)
  -------------------------------------------------------------------    -------------------

Slack:                    inf
  Source:                 satp[31]
                            (input port)
  Destination:            mem_addr[3]
                            (output port)
  Path Group:             (none)
  Path Type:              Max at Slow Process Corner
  Data Path Delay:        9.047ns  (logic 1.940ns (21.447%)  route 7.107ns (78.553%))
  Logic Levels:           6  (IBUFCTRL=1 INBUF=1 LUT4=1 LUT5=1 LUT6=1 OBUF=1)

    Location             Delay type                Incr(ns)  Path(ns)    Netlist Resource(s)
  -------------------------------------------------------------------    -------------------
    BB12                                              0.000     0.000 f  satp[31] (IN)
                         net (fo=0)                   0.000     0.000    satp_IBUF[31]_inst/I
    BB12                 INBUF (Prop_INBUF_HPIOB_S_PAD_O)
                                                      0.655     0.655 f  satp_IBUF[31]_inst/INBUF_INST/O
                         net (fo=1, routed)           0.000     0.655    satp_IBUF[31]_inst/OUT
    BB12                 IBUFCTRL (Prop_IBUFCTRL_HPIOB_S_I_O)
                                                      0.000     0.655 f  satp_IBUF[31]_inst/IBUFCTRL_INST/O
                         net (fo=73, routed)          1.294     1.949    sv32_translate_instruction/satp_IBUF[0]
    SLICE_X119Y422       LUT4 (Prop_E6LUT_SLICEL_I1_O)
                                                      0.147     2.096 f  sv32_translate_instruction/mem_addr_OBUF[31]_inst_i_4/O
                         net (fo=32, routed)          1.272     3.368    sv32_table_walk_I/mem_addr_OBUF[11]_inst_i_1_0
    SLICE_X114Y423       LUT6 (Prop_G6LUT_SLICEM_I4_O)
                                                      0.123     3.491 r  sv32_table_walk_I/mem_addr_OBUF[3]_inst_i_2/O
                         net (fo=1, routed)           0.178     3.669    sv32_translate_instruction/mem_addr[3]
    SLICE_X114Y423       LUT5 (Prop_B6LUT_SLICEM_I4_O)
                                                      0.089     3.758 r  sv32_translate_instruction/mem_addr_OBUF[3]_inst_i_1/O
                         net (fo=1, routed)           4.363     8.121    mem_addr_OBUF[3]
    SLR Crossing[1->2]   
    C26                  OBUF (Prop_OUTBUF_HPIOB_S_I_O)
                                                      0.926     9.047 r  mem_addr_OBUF[3]_inst/O
                         net (fo=0)                   0.000     9.047    mem_addr[3]
    C26                                                               r  mem_addr[3] (OUT)
  -------------------------------------------------------------------    -------------------

Slack:                    inf
  Source:                 cpu_addr[28]
                            (input port)
  Destination:            mem_addr[28]
                            (output port)
  Path Group:             (none)
  Path Type:              Max at Slow Process Corner
  Data Path Delay:        9.039ns  (logic 1.643ns (18.174%)  route 7.396ns (81.826%))
  Logic Levels:           4  (IBUFCTRL=1 INBUF=1 LUT6=1 OBUF=1)

    Location             Delay type                Incr(ns)  Path(ns)    Netlist Resource(s)
  -------------------------------------------------------------------    -------------------
    AY22                                              0.000     0.000 r  cpu_addr[28] (IN)
                         net (fo=0)                   0.000     0.000    cpu_addr_IBUF[28]_inst/I
    AY22                 INBUF (Prop_INBUF_HPIOB_M_PAD_O)
                                                      0.590     0.590 r  cpu_addr_IBUF[28]_inst/INBUF_INST/O
                         net (fo=1, routed)           0.000     0.590    cpu_addr_IBUF[28]_inst/OUT
    AY22                 IBUFCTRL (Prop_IBUFCTRL_HPIOB_M_I_O)
                                                      0.000     0.590 r  cpu_addr_IBUF[28]_inst/IBUFCTRL_INST/O
                         net (fo=10, routed)          3.217     3.807    sv32_translate_instruction/D[18]
    SLICE_X115Y424       LUT6 (Prop_B6LUT_SLICEM_I2_O)
                                                      0.149     3.956 r  sv32_translate_instruction/mem_addr_OBUF[28]_inst_i_1/O
                         net (fo=1, routed)           4.179     8.135    mem_addr_OBUF[28]
    SLR Crossing[1->2]   
    J25                  OBUF (Prop_OUTBUF_HPIOB_M_I_O)
                                                      0.904     9.039 r  mem_addr_OBUF[28]_inst/O
                         net (fo=0)                   0.000     9.039    mem_addr[28]
    J25                                                               r  mem_addr[28] (OUT)
  -------------------------------------------------------------------    -------------------

Slack:                    inf
  Source:                 satp[31]
                            (input port)
  Destination:            mem_addr[0]
                            (output port)
  Path Group:             (none)
  Path Type:              Max at Slow Process Corner
  Data Path Delay:        9.039ns  (logic 1.876ns (20.751%)  route 7.163ns (79.249%))
  Logic Levels:           5  (IBUFCTRL=1 INBUF=1 LUT4=1 LUT6=1 OBUF=1)

    Location             Delay type                Incr(ns)  Path(ns)    Netlist Resource(s)
  -------------------------------------------------------------------    -------------------
    BB12                                              0.000     0.000 f  satp[31] (IN)
                         net (fo=0)                   0.000     0.000    satp_IBUF[31]_inst/I
    BB12                 INBUF (Prop_INBUF_HPIOB_S_PAD_O)
                                                      0.655     0.655 f  satp_IBUF[31]_inst/INBUF_INST/O
                         net (fo=1, routed)           0.000     0.655    satp_IBUF[31]_inst/OUT
    BB12                 IBUFCTRL (Prop_IBUFCTRL_HPIOB_S_I_O)
                                                      0.000     0.655 f  satp_IBUF[31]_inst/IBUFCTRL_INST/O
                         net (fo=73, routed)          1.294     1.949    sv32_translate_instruction/satp_IBUF[0]
    SLICE_X119Y422       LUT4 (Prop_E6LUT_SLICEL_I1_O)
                                                      0.147     2.096 f  sv32_translate_instruction/mem_addr_OBUF[31]_inst_i_4/O
                         net (fo=32, routed)          1.175     3.272    sv32_translate_instruction/FSM_sequential_state_reg[1]
    SLICE_X114Y424       LUT6 (Prop_C6LUT_SLICEM_I0_O)
                                                      0.123     3.395 r  sv32_translate_instruction/mem_addr_OBUF[0]_inst_i_1/O
                         net (fo=1, routed)           4.694     8.089    mem_addr_OBUF[0]
    SLR Crossing[1->2]   
    B26                  OBUF (Prop_OUTBUF_HPIOB_M_I_O)
                                                      0.950     9.039 r  mem_addr_OBUF[0]_inst/O
                         net (fo=0)                   0.000     9.039    mem_addr[0]
    B26                                                               r  mem_addr[0] (OUT)
  -------------------------------------------------------------------    -------------------





Min Delay Paths
--------------------------------------------------------------------------------------
Slack:                    inf
  Source:                 sv32_table_walk_I/dtlb_I/v_reg[16]/C
                            (rising edge-triggered cell FDRE)
  Destination:            sv32_table_walk_I/dtlb_I/v_reg[16]/D
  Path Group:             (none)
  Path Type:              Min at Fast Process Corner
  Data Path Delay:        0.094ns  (logic 0.053ns (56.474%)  route 0.041ns (43.526%))
  Logic Levels:           2  (FDRE=1 LUT6=1)

    Location             Delay type                Incr(ns)  Path(ns)    Netlist Resource(s)
  -------------------------------------------------------------------    -------------------
    SLICE_X116Y415       FDRE                         0.000     0.000 r  sv32_table_walk_I/dtlb_I/v_reg[16]/C
    SLICE_X116Y415       FDRE (Prop_DFF_SLICEL_C_Q)
                                                      0.039     0.039 r  sv32_table_walk_I/dtlb_I/v_reg[16]/Q
                         net (fo=2, routed)           0.025     0.064    sv32_table_walk_I/dtlb_I/v_reg_n_0_[16]
    SLICE_X116Y415       LUT6 (Prop_D6LUT_SLICEL_I5_O)
                                                      0.014     0.078 r  sv32_table_walk_I/dtlb_I/v[16]_i_1/O
                         net (fo=1, routed)           0.016     0.094    sv32_table_walk_I/dtlb_I/v[16]_i_1_n_0
    SLICE_X116Y415       FDRE                                         r  sv32_table_walk_I/dtlb_I/v_reg[16]/D
  -------------------------------------------------------------------    -------------------

Slack:                    inf
  Source:                 sv32_table_walk_I/itlb_I/v_reg[20]/C
                            (rising edge-triggered cell FDRE)
  Destination:            sv32_table_walk_I/itlb_I/v_reg[20]/D
  Path Group:             (none)
  Path Type:              Min at Fast Process Corner
  Data Path Delay:        0.094ns  (logic 0.053ns (56.474%)  route 0.041ns (43.526%))
  Logic Levels:           2  (FDRE=1 LUT6=1)

    Location             Delay type                Incr(ns)  Path(ns)    Netlist Resource(s)
  -------------------------------------------------------------------    -------------------
    SLICE_X117Y413       FDRE                         0.000     0.000 r  sv32_table_walk_I/itlb_I/v_reg[20]/C
    SLICE_X117Y413       FDRE (Prop_DFF_SLICEL_C_Q)
                                                      0.039     0.039 r  sv32_table_walk_I/itlb_I/v_reg[20]/Q
                         net (fo=2, routed)           0.025     0.064    sv32_table_walk_I/itlb_I/v[20]
    SLICE_X117Y413       LUT6 (Prop_D6LUT_SLICEL_I5_O)
                                                      0.014     0.078 r  sv32_table_walk_I/itlb_I/v[20]_i_1/O
                         net (fo=1, routed)           0.016     0.094    sv32_table_walk_I/itlb_I/v[20]_i_1_n_0
    SLICE_X117Y413       FDRE                                         r  sv32_table_walk_I/itlb_I/v_reg[20]/D
  -------------------------------------------------------------------    -------------------

Slack:                    inf
  Source:                 sv32_table_walk_I/itlb_I/v_reg[40]/C
                            (rising edge-triggered cell FDRE)
  Destination:            sv32_table_walk_I/itlb_I/v_reg[40]/D
  Path Group:             (none)
  Path Type:              Min at Fast Process Corner
  Data Path Delay:        0.094ns  (logic 0.053ns (56.474%)  route 0.041ns (43.526%))
  Logic Levels:           2  (FDRE=1 LUT6=1)

    Location             Delay type                Incr(ns)  Path(ns)    Netlist Resource(s)
  -------------------------------------------------------------------    -------------------
    SLICE_X112Y416       FDRE                         0.000     0.000 r  sv32_table_walk_I/itlb_I/v_reg[40]/C
    SLICE_X112Y416       FDRE (Prop_DFF_SLICEL_C_Q)
                                                      0.039     0.039 r  sv32_table_walk_I/itlb_I/v_reg[40]/Q
                         net (fo=2, routed)           0.025     0.064    sv32_table_walk_I/itlb_I/v[40]
    SLICE_X112Y416       LUT6 (Prop_D6LUT_SLICEL_I5_O)
                                                      0.014     0.078 r  sv32_table_walk_I/itlb_I/v[40]_i_1/O
                         net (fo=1, routed)           0.016     0.094    sv32_table_walk_I/itlb_I/v[40]_i_1_n_0
    SLICE_X112Y416       FDRE                                         r  sv32_table_walk_I/itlb_I/v_reg[40]/D
  -------------------------------------------------------------------    -------------------

Slack:                    inf
  Source:                 sv32_table_walk_I/itlb_I/v_reg[5]/C
                            (rising edge-triggered cell FDRE)
  Destination:            sv32_table_walk_I/itlb_I/v_reg[5]/D
  Path Group:             (none)
  Path Type:              Min at Fast Process Corner
  Data Path Delay:        0.094ns  (logic 0.054ns (57.540%)  route 0.040ns (42.460%))
  Logic Levels:           2  (FDRE=1 LUT6=1)

    Location             Delay type                Incr(ns)  Path(ns)    Netlist Resource(s)
  -------------------------------------------------------------------    -------------------
    SLICE_X113Y419       FDRE                         0.000     0.000 r  sv32_table_walk_I/itlb_I/v_reg[5]/C
    SLICE_X113Y419       FDRE (Prop_BFF_SLICEL_C_Q)
                                                      0.039     0.039 r  sv32_table_walk_I/itlb_I/v_reg[5]/Q
                         net (fo=2, routed)           0.025     0.064    sv32_table_walk_I/itlb_I/v[5]
    SLICE_X113Y419       LUT6 (Prop_B6LUT_SLICEL_I5_O)
                                                      0.015     0.079 r  sv32_table_walk_I/itlb_I/v[5]_i_1/O
                         net (fo=1, routed)           0.015     0.094    sv32_table_walk_I/itlb_I/v[5]_i_1_n_0
    SLICE_X113Y419       FDRE                                         r  sv32_table_walk_I/itlb_I/v_reg[5]/D
  -------------------------------------------------------------------    -------------------

Slack:                    inf
  Source:                 sv32_table_walk_I/dtlb_I/v_reg[19]/C
                            (rising edge-triggered cell FDRE)
  Destination:            sv32_table_walk_I/dtlb_I/v_reg[19]/D
  Path Group:             (none)
  Path Type:              Min at Fast Process Corner
  Data Path Delay:        0.096ns  (logic 0.053ns (55.391%)  route 0.043ns (44.609%))
  Logic Levels:           2  (FDRE=1 LUT6=1)

    Location             Delay type                Incr(ns)  Path(ns)    Netlist Resource(s)
  -------------------------------------------------------------------    -------------------
    SLICE_X117Y414       FDRE                         0.000     0.000 r  sv32_table_walk_I/dtlb_I/v_reg[19]/C
    SLICE_X117Y414       FDRE (Prop_DFF_SLICEL_C_Q)
                                                      0.039     0.039 r  sv32_table_walk_I/dtlb_I/v_reg[19]/Q
                         net (fo=2, routed)           0.027     0.066    sv32_table_walk_I/dtlb_I/v_reg_n_0_[19]
    SLICE_X117Y414       LUT6 (Prop_D6LUT_SLICEL_I5_O)
                                                      0.014     0.080 r  sv32_table_walk_I/dtlb_I/v[19]_i_1/O
                         net (fo=1, routed)           0.016     0.096    sv32_table_walk_I/dtlb_I/v[19]_i_1_n_0
    SLICE_X117Y414       FDRE                                         r  sv32_table_walk_I/dtlb_I/v_reg[19]/D
  -------------------------------------------------------------------    -------------------

Slack:                    inf
  Source:                 sv32_table_walk_I/dtlb_I/v_reg[28]/C
                            (rising edge-triggered cell FDRE)
  Destination:            sv32_table_walk_I/dtlb_I/v_reg[28]/D
  Path Group:             (none)
  Path Type:              Min at Fast Process Corner
  Data Path Delay:        0.096ns  (logic 0.053ns (55.391%)  route 0.043ns (44.609%))
  Logic Levels:           2  (FDRE=1 LUT6=1)

    Location             Delay type                Incr(ns)  Path(ns)    Netlist Resource(s)
  -------------------------------------------------------------------    -------------------
    SLICE_X113Y414       FDRE                         0.000     0.000 r  sv32_table_walk_I/dtlb_I/v_reg[28]/C
    SLICE_X113Y414       FDRE (Prop_DFF_SLICEL_C_Q)
                                                      0.039     0.039 r  sv32_table_walk_I/dtlb_I/v_reg[28]/Q
                         net (fo=2, routed)           0.027     0.066    sv32_table_walk_I/dtlb_I/v_reg_n_0_[28]
    SLICE_X113Y414       LUT6 (Prop_D6LUT_SLICEL_I5_O)
                                                      0.014     0.080 r  sv32_table_walk_I/dtlb_I/v[28]_i_1/O
                         net (fo=1, routed)           0.016     0.096    sv32_table_walk_I/dtlb_I/v[28]_i_1_n_0
    SLICE_X113Y414       FDRE                                         r  sv32_table_walk_I/dtlb_I/v_reg[28]/D
  -------------------------------------------------------------------    -------------------

Slack:                    inf
  Source:                 sv32_table_walk_I/dtlb_I/v_reg[30]/C
                            (rising edge-triggered cell FDRE)
  Destination:            sv32_table_walk_I/dtlb_I/v_reg[30]/D
  Path Group:             (none)
  Path Type:              Min at Fast Process Corner
  Data Path Delay:        0.096ns  (logic 0.054ns (56.436%)  route 0.042ns (43.564%))
  Logic Levels:           2  (FDRE=1 LUT6=1)

    Location             Delay type                Incr(ns)  Path(ns)    Netlist Resource(s)
  -------------------------------------------------------------------    -------------------
    SLICE_X113Y414       FDRE                         0.000     0.000 r  sv32_table_walk_I/dtlb_I/v_reg[30]/C
    SLICE_X113Y414       FDRE (Prop_BFF_SLICEL_C_Q)
                                                      0.039     0.039 r  sv32_table_walk_I/dtlb_I/v_reg[30]/Q
                         net (fo=2, routed)           0.027     0.066    sv32_table_walk_I/dtlb_I/v_reg_n_0_[30]
    SLICE_X113Y414       LUT6 (Prop_B6LUT_SLICEL_I5_O)
                                                      0.015     0.081 r  sv32_table_walk_I/dtlb_I/v[30]_i_1/O
                         net (fo=1, routed)           0.015     0.096    sv32_table_walk_I/dtlb_I/v[30]_i_1_n_0
    SLICE_X113Y414       FDRE                                         r  sv32_table_walk_I/dtlb_I/v_reg[30]/D
  -------------------------------------------------------------------    -------------------

Slack:                    inf
  Source:                 sv32_table_walk_I/dtlb_I/v_reg[37]/C
                            (rising edge-triggered cell FDRE)
  Destination:            sv32_table_walk_I/dtlb_I/v_reg[37]/D
  Path Group:             (none)
  Path Type:              Min at Fast Process Corner
  Data Path Delay:        0.096ns  (logic 0.053ns (55.391%)  route 0.043ns (44.609%))
  Logic Levels:           2  (FDRE=1 LUT6=1)

    Location             Delay type                Incr(ns)  Path(ns)    Netlist Resource(s)
  -------------------------------------------------------------------    -------------------
    SLICE_X113Y413       FDRE                         0.000     0.000 r  sv32_table_walk_I/dtlb_I/v_reg[37]/C
    SLICE_X113Y413       FDRE (Prop_DFF_SLICEL_C_Q)
                                                      0.039     0.039 r  sv32_table_walk_I/dtlb_I/v_reg[37]/Q
                         net (fo=2, routed)           0.027     0.066    sv32_table_walk_I/dtlb_I/v_reg_n_0_[37]
    SLICE_X113Y413       LUT6 (Prop_D6LUT_SLICEL_I5_O)
                                                      0.014     0.080 r  sv32_table_walk_I/dtlb_I/v[37]_i_1/O
                         net (fo=1, routed)           0.016     0.096    sv32_table_walk_I/dtlb_I/v[37]_i_1_n_0
    SLICE_X113Y413       FDRE                                         r  sv32_table_walk_I/dtlb_I/v_reg[37]/D
  -------------------------------------------------------------------    -------------------

Slack:                    inf
  Source:                 sv32_table_walk_I/dtlb_I/v_reg[43]/C
                            (rising edge-triggered cell FDRE)
  Destination:            sv32_table_walk_I/dtlb_I/v_reg[43]/D
  Path Group:             (none)
  Path Type:              Min at Fast Process Corner
  Data Path Delay:        0.096ns  (logic 0.053ns (55.391%)  route 0.043ns (44.609%))
  Logic Levels:           2  (FDRE=1 LUT6=1)

    Location             Delay type                Incr(ns)  Path(ns)    Netlist Resource(s)
  -------------------------------------------------------------------    -------------------
    SLICE_X112Y412       FDRE                         0.000     0.000 r  sv32_table_walk_I/dtlb_I/v_reg[43]/C
    SLICE_X112Y412       FDRE (Prop_DFF_SLICEL_C_Q)
                                                      0.039     0.039 r  sv32_table_walk_I/dtlb_I/v_reg[43]/Q
                         net (fo=2, routed)           0.027     0.066    sv32_table_walk_I/dtlb_I/v_reg_n_0_[43]
    SLICE_X112Y412       LUT6 (Prop_D6LUT_SLICEL_I5_O)
                                                      0.014     0.080 r  sv32_table_walk_I/dtlb_I/v[43]_i_1/O
                         net (fo=1, routed)           0.016     0.096    sv32_table_walk_I/dtlb_I/v[43]_i_1_n_0
    SLICE_X112Y412       FDRE                                         r  sv32_table_walk_I/dtlb_I/v_reg[43]/D
  -------------------------------------------------------------------    -------------------

Slack:                    inf
  Source:                 sv32_table_walk_I/dtlb_I/v_reg[47]/C
                            (rising edge-triggered cell FDRE)
  Destination:            sv32_table_walk_I/dtlb_I/v_reg[47]/D
  Path Group:             (none)
  Path Type:              Min at Fast Process Corner
  Data Path Delay:        0.096ns  (logic 0.054ns (56.436%)  route 0.042ns (43.564%))
  Logic Levels:           2  (FDRE=1 LUT6=1)

    Location             Delay type                Incr(ns)  Path(ns)    Netlist Resource(s)
  -------------------------------------------------------------------    -------------------
    SLICE_X112Y412       FDRE                         0.000     0.000 r  sv32_table_walk_I/dtlb_I/v_reg[47]/C
    SLICE_X112Y412       FDRE (Prop_BFF_SLICEL_C_Q)
                                                      0.039     0.039 r  sv32_table_walk_I/dtlb_I/v_reg[47]/Q
                         net (fo=2, routed)           0.027     0.066    sv32_table_walk_I/dtlb_I/v_reg_n_0_[47]
    SLICE_X112Y412       LUT6 (Prop_B6LUT_SLICEL_I5_O)
                                                      0.015     0.081 r  sv32_table_walk_I/dtlb_I/v[47]_i_1/O
                         net (fo=1, routed)           0.015     0.096    sv32_table_walk_I/dtlb_I/v[47]_i_1_n_0
    SLICE_X112Y412       FDRE                                         r  sv32_table_walk_I/dtlb_I/v_reg[47]/D
  -------------------------------------------------------------------    -------------------





