Copyright 1986-2022 Xilinx, Inc. All Rights Reserved. Copyright 2022-2024 Advanced Micro Devices, Inc. All Rights Reserved.
---------------------------------------------------------------------------------------------------------------------------------------------
| Tool Version : Vivado v.2024.2 (win64) Build 5239630 Fri Nov 08 22:35:27 MST 2024
| Date         : Sat May 17 13:20:07 2025
| Host         : DESKTOP-AHD707A running 64-bit major release  (build 9200)
| Command      : report_drc -file sv32_drc_routed.rpt -pb sv32_drc_routed.pb -rpx sv32_drc_routed.rpx
| Design       : sv32
| Device       : xcu250-figd2104-2L-e
| Speed File   : -2L
| Design State : Fully Routed
---------------------------------------------------------------------------------------------------------------------------------------------

Report DRC

Table of Contents
-----------------
1. REPORT SUMMARY
2. REPORT DETAILS

1. REPORT SUMMARY
-----------------
            Netlist: netlist
          Floorplan: design_1
      Design limits: <entire design considered>
           Ruledeck: default
             Max checks: <unlimited>
             Checks found: 2
+--------+------------------+----------------------------+--------+
| Rule   | Severity         | Description                | Checks |
+--------+------------------+----------------------------+--------+
| NSTD-1 | Critical Warning | Unspecified I/O Standard   | 1      |
| UCIO-1 | Critical Warning | Unconstrained Logical Port | 1      |
+--------+------------------+----------------------------+--------+

2. REPORT DETAILS
-----------------
NSTD-1#1 Critical Warning
Unspecified I/O Standard  
272 out of 272 logical ports use I/O standard (IOSTANDARD) value 'DEFAULT', instead of a user assigned specific value. This may cause I/O contention or incompatibility with the board power or connectivity affecting performance, signal integrity or in extreme cases cause damage to the device or the components to which it is connected. To correct this violation, specify all I/O standards. This design will fail to generate a bitstream unless all logical ports have a user specified I/O standard value defined. To allow bitstream creation with unspecified I/O standard values (not recommended), use this command: set_property SEVERITY {Warning} [get_drc_checks NSTD-1].  NOTE: When using the Vivado Runs infrastructure (e.g. launch_runs Tcl command), add this command to a .tcl file and add that file as a pre-hook for write_bitstream step for the implementation run. Problem ports: cpu_addr[31:0], cpu_rdata[31:0], cpu_wdata[31:0], cpu_wstrb[3:0],
fault_address[31:0], mem_addr[33:0], mem_rdata[31:0], mem_wdata[31:0],
mem_wstrb[3:0], mstatus[11], mstatus[12], mstatus[17], mstatus[18],
mstatus[19], privilege_mode[1:0] (the first 15 of 46 listed).
Related violations: <none>

UCIO-1#1 Critical Warning
Unconstrained Logical Port  
272 out of 272 logical ports have no user assigned specific location constraint (LOC). This may cause I/O contention or incompatibility with the board power or connectivity affecting performance, signal integrity or in extreme cases cause damage to the device or the components to which it is connected. To correct this violation, specify all pin locations. This design will fail to generate a bitstream unless all logical ports have a user specified site LOC constraint defined.  To allow bitstream creation with unspecified pin locations (not recommended), use this command: set_property SEVERITY {Warning} [get_drc_checks UCIO-1].  NOTE: When using the Vivado Runs infrastructure (e.g. launch_runs Tcl command), add this command to a .tcl file and add that file as a pre-hook for write_bitstream step for the implementation run.  Problem ports: cpu_addr[31:0], cpu_rdata[31:0], cpu_wdata[31:0], cpu_wstrb[3:0],
fault_address[31:0], mem_addr[33:0], mem_rdata[31:0], mem_wdata[31:0],
mem_wstrb[3:0], mstatus[11], mstatus[12], mstatus[17], mstatus[18],
mstatus[19], privilege_mode[1:0] (the first 15 of 46 listed).
Related violations: <none>


