Copyright 1986-2022 Xilinx, Inc. All Rights Reserved. Copyright 2022-2024 Advanced Micro Devices, Inc. All Rights Reserved.
-------------------------------------------------------------------------------------------------------------------------------------------------
| Tool Version     : Vivado v.2024.2 (win64) Build 5239630 Fri Nov 08 22:35:27 MST 2024
| Date             : Sat May 17 13:20:19 2025
| Host             : DESKTOP-AHD707A running 64-bit major release  (build 9200)
| Command          : report_power -file sv32_power_routed.rpt -pb sv32_power_summary_routed.pb -rpx sv32_power_routed.rpx
| Design           : sv32
| Device           : xcu250-figd2104-2L-e
| Design State     : routed
| Grade            : extended
| Process          : typical
| Characterization : Production
-------------------------------------------------------------------------------------------------------------------------------------------------

Power Report

Table of Contents
-----------------
1. Summary
1.1 On-Chip Components
1.2 Power Supply Summary
1.3 Confidence Level
2. Settings
2.1 Environment
2.2 Clock Constraints
3. Detailed Reports
3.1 By Hierarchy

1. Summary
----------

+--------------------------+--------------+
| Total On-Chip Power (W)  | 63.791       |
| Design Power Budget (W)  | Unspecified* |
| Power Budget Margin (W)  | NA           |
| Dynamic (W)              | 58.581       |
| Device Static (W)        | 5.210        |
| Effective TJA (C/W)      | 0.5          |
| Max Ambient (C)          | 66.7         |
| Junction Temperature (C) | 58.3         |
| Confidence Level         | Low          |
| Setting File             | ---          |
| Simulation Activity File | ---          |
| Design Nets Matched      | NA           |
+--------------------------+--------------+
* Specify Design Power Budget using, set_operating_conditions -design_power_budget <value in Watts>


1.1 On-Chip Components
----------------------

+--------------------------+-----------+----------+-----------+-----------------+
| On-Chip                  | Power (W) | Used     | Available | Utilization (%) |
+--------------------------+-----------+----------+-----------+-----------------+
| CLB Logic                |     1.507 |     1009 |       --- |             --- |
|   LUT as Logic           |     1.261 |      530 |   1728000 |            0.03 |
|   LUT as Distributed RAM |     0.207 |       88 |    791040 |            0.01 |
|   Register               |     0.037 |      285 |   3456000 |           <0.01 |
|   CARRY8                 |     0.002 |        2 |    216000 |           <0.01 |
|   BUFG                   |    <0.001 |        1 |       128 |            0.78 |
|   Others                 |     0.000 |       13 |       --- |             --- |
|   F7/F8 Muxes            |     0.000 |       24 |   1728000 |           <0.01 |
| Signals                  |     4.705 |      864 |       --- |             --- |
| I/O                      |    52.369 |      272 |       676 |           40.24 |
| Static Power             |     5.210 |          |           |                 |
| Total                    |    63.791 |          |           |                 |
+--------------------------+-----------+----------+-----------+-----------------+


1.2 Power Supply Summary
------------------------

+------------+-------------+-----------+-------------+------------+-------------+-------------+------------+
| Source     | Voltage (V) | Total (A) | Dynamic (A) | Static (A) | Powerup (A) | Budget (A)  | Margin (A) |
+------------+-------------+-----------+-------------+------------+-------------+-------------+------------+
| Vccint     |       0.850 |    11.148 |       7.308 |      3.840 |       NA    | Unspecified | NA         |
| Vccint_io  |       0.850 |     3.044 |       2.869 |      0.175 |       NA    | Unspecified | NA         |
| Vccbram    |       0.850 |     0.066 |       0.000 |      0.066 |       NA    | Unspecified | NA         |
| Vccaux     |       1.800 |     0.831 |       0.000 |      0.831 |       NA    | Unspecified | NA         |
| Vccaux_io  |       1.800 |     6.155 |       6.050 |      0.104 |       NA    | Unspecified | NA         |
| Vcco33     |       3.300 |     0.000 |       0.000 |      0.000 |       NA    | Unspecified | NA         |
| Vcco25     |       2.500 |     0.000 |       0.000 |      0.000 |       NA    | Unspecified | NA         |
| Vcco18     |       1.800 |    21.688 |      21.688 |      0.000 |       NA    | Unspecified | NA         |
| Vcco15     |       1.500 |     0.000 |       0.000 |      0.000 |       NA    | Unspecified | NA         |
| Vcco135    |       1.350 |     0.000 |       0.000 |      0.000 |       NA    | Unspecified | NA         |
| Vcco12     |       1.200 |     0.000 |       0.000 |      0.000 |       NA    | Unspecified | NA         |
| Vcco10     |       1.000 |     0.000 |       0.000 |      0.000 |       NA    | Unspecified | NA         |
| Vccadc     |       1.800 |     0.032 |       0.000 |      0.032 |       NA    | Unspecified | NA         |
| MGTYAVcc   |       0.900 |     0.000 |       0.000 |      0.000 |       NA    | Unspecified | NA         |
| MGTYAVtt   |       1.200 |     0.000 |       0.000 |      0.000 |       NA    | Unspecified | NA         |
| MGTYVccaux |       1.800 |     0.000 |       0.000 |      0.000 |       NA    | Unspecified | NA         |
+------------+-------------+-----------+-------------+------------+-------------+-------------+------------+


1.3 Confidence Level
--------------------

+-----------------------------+------------+--------------------------------------------------------+--------------------------------------------------------------------------------------------------------------------+
| User Input Data             | Confidence | Details                                                | Action                                                                                                             |
+-----------------------------+------------+--------------------------------------------------------+--------------------------------------------------------------------------------------------------------------------+
| Design implementation state | High       | Design is routed                                       |                                                                                                                    |
| Clock nodes activity        | Low        | User specified less than 75% of clocks                 | Provide missing clock activity with a constraint file, simulation results or by editing the "By Clock Domain" view |
| I/O nodes activity          | Low        | More than 75% of inputs are missing user specification | Provide missing input activity with simulation results or by editing the "By Resource Type -> I/Os" view           |
| Internal nodes activity     | Medium     | User specified less than 25% of internal nodes         | Provide missing internal nodes activity with simulation results or by editing the "By Resource Type" views         |
| Device models               | High       | Device models are Production                           |                                                                                                                    |
|                             |            |                                                        |                                                                                                                    |
| Overall confidence level    | Low        |                                                        |                                                                                                                    |
+-----------------------------+------------+--------------------------------------------------------+--------------------------------------------------------------------------------------------------------------------+


2. Settings
-----------

2.1 Environment
---------------

+-----------------------+--------------------------+
| Ambient Temp (C)      | 25.0                     |
| ThetaJA (C/W)         | 0.5                      |
| Airflow (LFM)         | 250                      |
| Heat Sink             | medium (Medium Profile)  |
| ThetaSA (C/W)         | 0.7                      |
| Board Selection       | medium (10"x10")         |
| # of Board Layers     | 12to15 (12 to 15 Layers) |
| Board Temperature (C) | 25.0                     |
+-----------------------+--------------------------+


2.2 Clock Constraints
---------------------

+-------+--------+-----------------+
| Clock | Domain | Constraint (ns) |
+-------+--------+-----------------+


3. Detailed Reports
-------------------

3.1 By Hierarchy
----------------

+-------------------------------+-----------+
| Name                          | Power (W) |
+-------------------------------+-----------+
| sv32                          |    58.581 |
|   clk_IBUF_inst               |     0.006 |
|   cpu_addr_IBUF[0]_inst       |     0.015 |
|   cpu_addr_IBUF[10]_inst      |     0.016 |
|   cpu_addr_IBUF[11]_inst      |     0.015 |
|   cpu_addr_IBUF[12]_inst      |     0.124 |
|   cpu_addr_IBUF[13]_inst      |     0.133 |
|   cpu_addr_IBUF[14]_inst      |     0.106 |
|   cpu_addr_IBUF[15]_inst      |     0.074 |
|   cpu_addr_IBUF[16]_inst      |     0.058 |
|   cpu_addr_IBUF[17]_inst      |     0.071 |
|   cpu_addr_IBUF[18]_inst      |     0.025 |
|   cpu_addr_IBUF[19]_inst      |     0.028 |
|   cpu_addr_IBUF[1]_inst       |     0.015 |
|   cpu_addr_IBUF[20]_inst      |     0.024 |
|   cpu_addr_IBUF[21]_inst      |     0.025 |
|   cpu_addr_IBUF[22]_inst      |     0.024 |
|   cpu_addr_IBUF[23]_inst      |     0.022 |
|   cpu_addr_IBUF[24]_inst      |     0.024 |
|   cpu_addr_IBUF[25]_inst      |     0.027 |
|   cpu_addr_IBUF[26]_inst      |     0.022 |
|   cpu_addr_IBUF[27]_inst      |     0.025 |
|   cpu_addr_IBUF[28]_inst      |     0.030 |
|   cpu_addr_IBUF[29]_inst      |     0.030 |
|   cpu_addr_IBUF[2]_inst       |     0.015 |
|   cpu_addr_IBUF[30]_inst      |     0.022 |
|   cpu_addr_IBUF[31]_inst      |     0.028 |
|   cpu_addr_IBUF[3]_inst       |     0.018 |
|   cpu_addr_IBUF[4]_inst       |     0.017 |
|   cpu_addr_IBUF[5]_inst       |     0.019 |
|   cpu_addr_IBUF[6]_inst       |     0.015 |
|   cpu_addr_IBUF[7]_inst       |     0.016 |
|   cpu_addr_IBUF[8]_inst       |     0.016 |
|   cpu_addr_IBUF[9]_inst       |     0.016 |
|   cpu_valid_IBUF_inst         |     0.067 |
|   cpu_wdata_IBUF[0]_inst      |     0.012 |
|   cpu_wdata_IBUF[10]_inst     |     0.010 |
|   cpu_wdata_IBUF[11]_inst     |     0.011 |
|   cpu_wdata_IBUF[12]_inst     |     0.011 |
|   cpu_wdata_IBUF[13]_inst     |     0.010 |
|   cpu_wdata_IBUF[14]_inst     |     0.011 |
|   cpu_wdata_IBUF[15]_inst     |     0.011 |
|   cpu_wdata_IBUF[16]_inst     |     0.011 |
|   cpu_wdata_IBUF[17]_inst     |     0.010 |
|   cpu_wdata_IBUF[18]_inst     |     0.016 |
|   cpu_wdata_IBUF[19]_inst     |     0.011 |
|   cpu_wdata_IBUF[1]_inst      |     0.011 |
|   cpu_wdata_IBUF[20]_inst     |     0.010 |
|   cpu_wdata_IBUF[21]_inst     |     0.011 |
|   cpu_wdata_IBUF[22]_inst     |     0.011 |
|   cpu_wdata_IBUF[23]_inst     |     0.011 |
|   cpu_wdata_IBUF[24]_inst     |     0.010 |
|   cpu_wdata_IBUF[25]_inst     |     0.010 |
|   cpu_wdata_IBUF[26]_inst     |     0.011 |
|   cpu_wdata_IBUF[27]_inst     |     0.011 |
|   cpu_wdata_IBUF[28]_inst     |     0.011 |
|   cpu_wdata_IBUF[29]_inst     |     0.011 |
|   cpu_wdata_IBUF[2]_inst      |     0.015 |
|   cpu_wdata_IBUF[30]_inst     |     0.011 |
|   cpu_wdata_IBUF[31]_inst     |     0.011 |
|   cpu_wdata_IBUF[3]_inst      |     0.011 |
|   cpu_wdata_IBUF[4]_inst      |     0.015 |
|   cpu_wdata_IBUF[5]_inst      |     0.011 |
|   cpu_wdata_IBUF[6]_inst      |     0.011 |
|   cpu_wdata_IBUF[7]_inst      |     0.011 |
|   cpu_wdata_IBUF[8]_inst      |     0.011 |
|   cpu_wdata_IBUF[9]_inst      |     0.010 |
|   cpu_wstrb_IBUF[0]_inst      |     0.008 |
|   cpu_wstrb_IBUF[1]_inst      |     0.012 |
|   cpu_wstrb_IBUF[2]_inst      |     0.009 |
|   cpu_wstrb_IBUF[3]_inst      |     0.007 |
|   is_instruction_IBUF_inst    |     0.039 |
|   mem_rdata_IBUF[0]_inst      |     0.031 |
|   mem_rdata_IBUF[10]_inst     |     0.021 |
|   mem_rdata_IBUF[11]_inst     |     0.022 |
|   mem_rdata_IBUF[12]_inst     |     0.019 |
|   mem_rdata_IBUF[13]_inst     |     0.022 |
|   mem_rdata_IBUF[14]_inst     |     0.032 |
|   mem_rdata_IBUF[15]_inst     |     0.025 |
|   mem_rdata_IBUF[16]_inst     |     0.024 |
|   mem_rdata_IBUF[17]_inst     |     0.025 |
|   mem_rdata_IBUF[18]_inst     |     0.031 |
|   mem_rdata_IBUF[19]_inst     |     0.025 |
|   mem_rdata_IBUF[1]_inst      |     0.020 |
|   mem_rdata_IBUF[20]_inst     |     0.022 |
|   mem_rdata_IBUF[21]_inst     |     0.025 |
|   mem_rdata_IBUF[22]_inst     |     0.022 |
|   mem_rdata_IBUF[23]_inst     |     0.024 |
|   mem_rdata_IBUF[24]_inst     |     0.026 |
|   mem_rdata_IBUF[25]_inst     |     0.022 |
|   mem_rdata_IBUF[26]_inst     |     0.025 |
|   mem_rdata_IBUF[27]_inst     |     0.022 |
|   mem_rdata_IBUF[28]_inst     |     0.025 |
|   mem_rdata_IBUF[29]_inst     |     0.022 |
|   mem_rdata_IBUF[2]_inst      |     0.019 |
|   mem_rdata_IBUF[30]_inst     |     0.026 |
|   mem_rdata_IBUF[31]_inst     |     0.020 |
|   mem_rdata_IBUF[3]_inst      |     0.019 |
|   mem_rdata_IBUF[4]_inst      |     0.019 |
|   mem_rdata_IBUF[5]_inst      |     0.007 |
|   mem_rdata_IBUF[6]_inst      |     0.006 |
|   mem_rdata_IBUF[7]_inst      |     0.006 |
|   mem_rdata_IBUF[8]_inst      |     0.007 |
|   mem_rdata_IBUF[9]_inst      |     0.006 |
|   mem_ready_IBUF_inst         |     0.028 |
|   mstatus_IBUF[11]_inst       |     0.010 |
|   mstatus_IBUF[12]_inst       |     0.010 |
|   mstatus_IBUF[17]_inst       |     0.009 |
|   mstatus_IBUF[18]_inst       |     0.011 |
|   mstatus_IBUF[19]_inst       |     0.015 |
|   privilege_mode_IBUF[0]_inst |     0.010 |
|   privilege_mode_IBUF[1]_inst |     0.011 |
|   satp_IBUF[0]_inst           |     0.013 |
|   satp_IBUF[10]_inst          |     0.011 |
|   satp_IBUF[11]_inst          |     0.010 |
|   satp_IBUF[12]_inst          |     0.011 |
|   satp_IBUF[13]_inst          |     0.011 |
|   satp_IBUF[14]_inst          |     0.016 |
|   satp_IBUF[15]_inst          |     0.009 |
|   satp_IBUF[16]_inst          |     0.011 |
|   satp_IBUF[17]_inst          |     0.006 |
|   satp_IBUF[18]_inst          |     0.009 |
|   satp_IBUF[19]_inst          |     0.009 |
|   satp_IBUF[1]_inst           |     0.012 |
|   satp_IBUF[2]_inst           |     0.014 |
|   satp_IBUF[31]_inst          |     0.062 |
|   satp_IBUF[3]_inst           |     0.010 |
|   satp_IBUF[4]_inst           |     0.010 |
|   satp_IBUF[5]_inst           |     0.010 |
|   satp_IBUF[6]_inst           |     0.010 |
|   satp_IBUF[7]_inst           |     0.012 |
|   satp_IBUF[8]_inst           |     0.012 |
|   satp_IBUF[9]_inst           |     0.012 |
|   sv32_table_walk_I           |     1.909 |
|     dtlb_I                    |     0.535 |
|       payloads_reg_0_63_12_12 |     0.002 |
|       payloads_reg_0_63_13_13 |     0.002 |
|       payloads_reg_0_63_14_14 |     0.002 |
|       payloads_reg_0_63_15_15 |     0.002 |
|       payloads_reg_0_63_16_16 |     0.002 |
|       payloads_reg_0_63_17_17 |     0.002 |
|       payloads_reg_0_63_18_18 |     0.002 |
|       payloads_reg_0_63_19_19 |     0.002 |
|       payloads_reg_0_63_1_1   |     0.002 |
|       payloads_reg_0_63_20_20 |     0.002 |
|       payloads_reg_0_63_21_21 |     0.002 |
|       payloads_reg_0_63_22_22 |     0.002 |
|       payloads_reg_0_63_23_23 |     0.002 |
|       payloads_reg_0_63_24_24 |     0.002 |
|       payloads_reg_0_63_25_25 |     0.002 |
|       payloads_reg_0_63_26_26 |     0.002 |
|       payloads_reg_0_63_27_27 |     0.002 |
|       payloads_reg_0_63_28_28 |     0.002 |
|       payloads_reg_0_63_29_29 |     0.002 |
|       payloads_reg_0_63_2_2   |     0.002 |
|       payloads_reg_0_63_30_30 |     0.002 |
|       payloads_reg_0_63_31_31 |     0.002 |
|       payloads_reg_0_63_3_3   |     0.002 |
|       payloads_reg_0_63_4_4   |     0.002 |
|       tags_reg_0_63_0_0       |     0.003 |
|       tags_reg_0_63_10_10     |     0.003 |
|       tags_reg_0_63_11_11     |     0.003 |
|       tags_reg_0_63_12_12     |     0.003 |
|       tags_reg_0_63_13_13     |     0.003 |
|       tags_reg_0_63_14_14     |     0.003 |
|       tags_reg_0_63_15_15     |     0.003 |
|       tags_reg_0_63_16_16     |     0.003 |
|       tags_reg_0_63_17_17     |     0.004 |
|       tags_reg_0_63_18_18     |     0.004 |
|       tags_reg_0_63_19_19     |     0.004 |
|       tags_reg_0_63_1_1       |     0.004 |
|       tags_reg_0_63_2_2       |     0.004 |
|       tags_reg_0_63_3_3       |     0.004 |
|       tags_reg_0_63_4_4       |     0.004 |
|       tags_reg_0_63_5_5       |     0.004 |
|       tags_reg_0_63_6_6       |     0.003 |
|       tags_reg_0_63_7_7       |     0.004 |
|       tags_reg_0_63_8_8       |     0.004 |
|       tags_reg_0_63_9_9       |     0.003 |
|     itlb_I                    |     0.456 |
|       payloads_reg_0_63_12_12 |     0.002 |
|       payloads_reg_0_63_13_13 |     0.002 |
|       payloads_reg_0_63_14_14 |     0.002 |
|       payloads_reg_0_63_15_15 |     0.002 |
|       payloads_reg_0_63_16_16 |     0.002 |
|       payloads_reg_0_63_17_17 |     0.002 |
|       payloads_reg_0_63_18_18 |     0.002 |
|       payloads_reg_0_63_19_19 |     0.002 |
|       payloads_reg_0_63_1_1   |     0.002 |
|       payloads_reg_0_63_20_20 |     0.002 |
|       payloads_reg_0_63_21_21 |     0.002 |
|       payloads_reg_0_63_22_22 |     0.002 |
|       payloads_reg_0_63_23_23 |     0.002 |
|       payloads_reg_0_63_24_24 |     0.002 |
|       payloads_reg_0_63_25_25 |     0.002 |
|       payloads_reg_0_63_26_26 |     0.002 |
|       payloads_reg_0_63_27_27 |     0.002 |
|       payloads_reg_0_63_28_28 |     0.002 |
|       payloads_reg_0_63_29_29 |     0.002 |
|       payloads_reg_0_63_2_2   |     0.002 |
|       payloads_reg_0_63_30_30 |     0.002 |
|       payloads_reg_0_63_31_31 |     0.002 |
|       payloads_reg_0_63_3_3   |     0.002 |
|       payloads_reg_0_63_4_4   |     0.002 |
|       tags_reg_0_63_0_0       |     0.005 |
|       tags_reg_0_63_10_10     |     0.009 |
|       tags_reg_0_63_11_11     |     0.005 |
|       tags_reg_0_63_12_12     |     0.005 |
|       tags_reg_0_63_13_13     |     0.005 |
|       tags_reg_0_63_14_14     |     0.005 |
|       tags_reg_0_63_15_15     |     0.005 |
|       tags_reg_0_63_16_16     |     0.005 |
|       tags_reg_0_63_17_17     |     0.003 |
|       tags_reg_0_63_18_18     |     0.003 |
|       tags_reg_0_63_19_19     |     0.007 |
|       tags_reg_0_63_1_1       |     0.003 |
|       tags_reg_0_63_2_2       |     0.003 |
|       tags_reg_0_63_3_3       |     0.007 |
|       tags_reg_0_63_4_4       |     0.007 |
|       tags_reg_0_63_5_5       |     0.003 |
|       tags_reg_0_63_6_6       |     0.003 |
|       tags_reg_0_63_7_7       |     0.003 |
|       tags_reg_0_63_8_8       |     0.003 |
|       tags_reg_0_63_9_9       |     0.003 |
|   sv32_translate_data         |     0.079 |
|   sv32_translate_instruction  |     2.245 |
|   tlb_flush_IBUF_inst         |     0.011 |
+-------------------------------+-----------+


